c:\users\rd\desktop\mfc-sms_tcp_client\sms_tcp_client\sms_tcp_client\debug\sms_tcp_client.pch
c:\users\rd\desktop\mfc-sms_tcp_client\sms_tcp_client\sms_tcp_client\debug\vc140.pdb
c:\users\rd\desktop\mfc-sms_tcp_client\sms_tcp_client\sms_tcp_client\debug\vc140.idb
c:\users\rd\desktop\mfc-sms_tcp_client\sms_tcp_client\sms_tcp_client\debug\stdafx.obj
c:\users\rd\desktop\mfc-sms_tcp_client\sms_tcp_client\sms_tcp_client\debug\sms_tcp_client.obj
c:\users\rd\desktop\mfc-sms_tcp_client\sms_tcp_client\sms_tcp_client\debug\sms_tcp_clientdlg.obj
c:\users\rd\desktop\mfc-sms_tcp_client\sms_tcp_client\sms_tcp_client\debug\sms_tcp_client.res
c:\users\rd\desktop\mfc-sms_tcp_client\sms_tcp_client\debug\sms_tcp_client.pdb
c:\users\rd\desktop\mfc-sms_tcp_client\sms_tcp_client\debug\sms_tcp_client.exe
c:\users\rd\desktop\mfc-sms_tcp_client\sms_tcp_client\sms_tcp_client\debug\sms_tcp_client.tlog\cl.command.1.tlog
c:\users\rd\desktop\mfc-sms_tcp_client\sms_tcp_client\sms_tcp_client\debug\sms_tcp_client.tlog\cl.read.1.tlog
c:\users\rd\desktop\mfc-sms_tcp_client\sms_tcp_client\sms_tcp_client\debug\sms_tcp_client.tlog\cl.write.1.tlog
c:\users\rd\desktop\mfc-sms_tcp_client\sms_tcp_client\sms_tcp_client\debug\sms_tcp_client.tlog\link-cvtres.read.1.tlog
c:\users\rd\desktop\mfc-sms_tcp_client\sms_tcp_client\sms_tcp_client\debug\sms_tcp_client.tlog\link-cvtres.write.1.tlog
c:\users\rd\desktop\mfc-sms_tcp_client\sms_tcp_client\sms_tcp_client\debug\sms_tcp_client.tlog\link-mt.read.1.tlog
c:\users\rd\desktop\mfc-sms_tcp_client\sms_tcp_client\sms_tcp_client\debug\sms_tcp_client.tlog\link-mt.write.1.tlog
c:\users\rd\desktop\mfc-sms_tcp_client\sms_tcp_client\sms_tcp_client\debug\sms_tcp_client.tlog\link-rc.read.1.tlog
c:\users\rd\desktop\mfc-sms_tcp_client\sms_tcp_client\sms_tcp_client\debug\sms_tcp_client.tlog\link-rc.write.1.tlog
c:\users\rd\desktop\mfc-sms_tcp_client\sms_tcp_client\sms_tcp_client\debug\sms_tcp_client.tlog\link.10620.read.1.tlog
c:\users\rd\desktop\mfc-sms_tcp_client\sms_tcp_client\sms_tcp_client\debug\sms_tcp_client.tlog\link.10620.write.1.tlog
c:\users\rd\desktop\mfc-sms_tcp_client\sms_tcp_client\sms_tcp_client\debug\sms_tcp_client.tlog\link.command.1.tlog
c:\users\rd\desktop\mfc-sms_tcp_client\sms_tcp_client\sms_tcp_client\debug\sms_tcp_client.tlog\link.read.1.tlog
c:\users\rd\desktop\mfc-sms_tcp_client\sms_tcp_client\sms_tcp_client\debug\sms_tcp_client.tlog\link.write.1.tlog
c:\users\rd\desktop\mfc-sms_tcp_client\sms_tcp_client\sms_tcp_client\debug\sms_tcp_client.tlog\rc.command.1.tlog
c:\users\rd\desktop\mfc-sms_tcp_client\sms_tcp_client\sms_tcp_client\debug\sms_tcp_client.tlog\rc.read.1.tlog
c:\users\rd\desktop\mfc-sms_tcp_client\sms_tcp_client\sms_tcp_client\debug\sms_tcp_client.tlog\rc.write.1.tlog
